CRITICAL - 2021-01-13 23:00:21 --> Invalid file: operations.php
#0 /home/diracspace/Documents/git/CodeIgniter-CRUD-lab/vendor/codeigniter4/framework/system/View/View.php(228): CodeIgniter\Exceptions\FrameworkException::forInvalidFile()
#1 /home/diracspace/Documents/git/CodeIgniter-CRUD-lab/vendor/codeigniter4/framework/system/Common.php(1119): CodeIgniter\View\View->render()
#2 /home/diracspace/Documents/git/CodeIgniter-CRUD-lab/app/Controllers/Operations.php(14): view()
#3 /home/diracspace/Documents/git/CodeIgniter-CRUD-lab/vendor/codeigniter4/framework/system/CodeIgniter.php(918): App\Controllers\Operations->operations()
#4 /home/diracspace/Documents/git/CodeIgniter-CRUD-lab/vendor/codeigniter4/framework/system/CodeIgniter.php(404): CodeIgniter\CodeIgniter->runController()
#5 /home/diracspace/Documents/git/CodeIgniter-CRUD-lab/vendor/codeigniter4/framework/system/CodeIgniter.php(312): CodeIgniter\CodeIgniter->handleRequest()
#6 /home/diracspace/Documents/git/CodeIgniter-CRUD-lab/public/index.php(45): CodeIgniter\CodeIgniter->run()
#7 /home/diracspace/Documents/git/CodeIgniter-CRUD-lab/vendor/codeigniter4/framework/system/Commands/Server/rewrite.php(34): require_once('/home/diracspac...')
#8 {main}
CRITICAL - 2021-01-13 23:00:34 --> Invalid file: operations.php
#0 /home/diracspace/Documents/git/CodeIgniter-CRUD-lab/vendor/codeigniter4/framework/system/View/View.php(228): CodeIgniter\Exceptions\FrameworkException::forInvalidFile()
#1 /home/diracspace/Documents/git/CodeIgniter-CRUD-lab/vendor/codeigniter4/framework/system/Common.php(1119): CodeIgniter\View\View->render()
#2 /home/diracspace/Documents/git/CodeIgniter-CRUD-lab/app/Controllers/Operations.php(14): view()
#3 /home/diracspace/Documents/git/CodeIgniter-CRUD-lab/vendor/codeigniter4/framework/system/CodeIgniter.php(918): App\Controllers\Operations->operacionescrud()
#4 /home/diracspace/Documents/git/CodeIgniter-CRUD-lab/vendor/codeigniter4/framework/system/CodeIgniter.php(404): CodeIgniter\CodeIgniter->runController()
#5 /home/diracspace/Documents/git/CodeIgniter-CRUD-lab/vendor/codeigniter4/framework/system/CodeIgniter.php(312): CodeIgniter\CodeIgniter->handleRequest()
#6 /home/diracspace/Documents/git/CodeIgniter-CRUD-lab/public/index.php(45): CodeIgniter\CodeIgniter->run()
#7 /home/diracspace/Documents/git/CodeIgniter-CRUD-lab/vendor/codeigniter4/framework/system/Commands/Server/rewrite.php(34): require_once('/home/diracspac...')
#8 {main}
CRITICAL - 2021-01-13 23:00:41 --> Invalid file: operations.php
#0 /home/diracspace/Documents/git/CodeIgniter-CRUD-lab/vendor/codeigniter4/framework/system/View/View.php(228): CodeIgniter\Exceptions\FrameworkException::forInvalidFile()
#1 /home/diracspace/Documents/git/CodeIgniter-CRUD-lab/vendor/codeigniter4/framework/system/Common.php(1119): CodeIgniter\View\View->render()
#2 /home/diracspace/Documents/git/CodeIgniter-CRUD-lab/app/Controllers/Operations.php(14): view()
#3 /home/diracspace/Documents/git/CodeIgniter-CRUD-lab/vendor/codeigniter4/framework/system/CodeIgniter.php(918): App\Controllers\Operations->operacionescrud()
#4 /home/diracspace/Documents/git/CodeIgniter-CRUD-lab/vendor/codeigniter4/framework/system/CodeIgniter.php(404): CodeIgniter\CodeIgniter->runController()
#5 /home/diracspace/Documents/git/CodeIgniter-CRUD-lab/vendor/codeigniter4/framework/system/CodeIgniter.php(312): CodeIgniter\CodeIgniter->handleRequest()
#6 /home/diracspace/Documents/git/CodeIgniter-CRUD-lab/public/index.php(45): CodeIgniter\CodeIgniter->run()
#7 /home/diracspace/Documents/git/CodeIgniter-CRUD-lab/vendor/codeigniter4/framework/system/Commands/Server/rewrite.php(34): require_once('/home/diracspac...')
#8 {main}
CRITICAL - 2021-01-13 23:00:42 --> Invalid file: operations.php
#0 /home/diracspace/Documents/git/CodeIgniter-CRUD-lab/vendor/codeigniter4/framework/system/View/View.php(228): CodeIgniter\Exceptions\FrameworkException::forInvalidFile()
#1 /home/diracspace/Documents/git/CodeIgniter-CRUD-lab/vendor/codeigniter4/framework/system/Common.php(1119): CodeIgniter\View\View->render()
#2 /home/diracspace/Documents/git/CodeIgniter-CRUD-lab/app/Controllers/Operations.php(14): view()
#3 /home/diracspace/Documents/git/CodeIgniter-CRUD-lab/vendor/codeigniter4/framework/system/CodeIgniter.php(918): App\Controllers\Operations->operacionescrud()
#4 /home/diracspace/Documents/git/CodeIgniter-CRUD-lab/vendor/codeigniter4/framework/system/CodeIgniter.php(404): CodeIgniter\CodeIgniter->runController()
#5 /home/diracspace/Documents/git/CodeIgniter-CRUD-lab/vendor/codeigniter4/framework/system/CodeIgniter.php(312): CodeIgniter\CodeIgniter->handleRequest()
#6 /home/diracspace/Documents/git/CodeIgniter-CRUD-lab/public/index.php(45): CodeIgniter\CodeIgniter->run()
#7 /home/diracspace/Documents/git/CodeIgniter-CRUD-lab/vendor/codeigniter4/framework/system/Commands/Server/rewrite.php(34): require_once('/home/diracspac...')
#8 {main}
CRITICAL - 2021-01-13 23:01:02 --> Invalid file: operations.php
#0 /home/diracspace/Documents/git/CodeIgniter-CRUD-lab/vendor/codeigniter4/framework/system/View/View.php(228): CodeIgniter\Exceptions\FrameworkException::forInvalidFile()
#1 /home/diracspace/Documents/git/CodeIgniter-CRUD-lab/vendor/codeigniter4/framework/system/Common.php(1119): CodeIgniter\View\View->render()
#2 /home/diracspace/Documents/git/CodeIgniter-CRUD-lab/app/Controllers/Operations.php(14): view()
#3 /home/diracspace/Documents/git/CodeIgniter-CRUD-lab/vendor/codeigniter4/framework/system/CodeIgniter.php(918): App\Controllers\Operations->operacionescrud()
#4 /home/diracspace/Documents/git/CodeIgniter-CRUD-lab/vendor/codeigniter4/framework/system/CodeIgniter.php(404): CodeIgniter\CodeIgniter->runController()
#5 /home/diracspace/Documents/git/CodeIgniter-CRUD-lab/vendor/codeigniter4/framework/system/CodeIgniter.php(312): CodeIgniter\CodeIgniter->handleRequest()
#6 /home/diracspace/Documents/git/CodeIgniter-CRUD-lab/public/index.php(45): CodeIgniter\CodeIgniter->run()
#7 /home/diracspace/Documents/git/CodeIgniter-CRUD-lab/vendor/codeigniter4/framework/system/Commands/Server/rewrite.php(34): require_once('/home/diracspac...')
#8 {main}
CRITICAL - 2021-01-13 23:01:10 --> Invalid file: operations.php
#0 /home/diracspace/Documents/git/CodeIgniter-CRUD-lab/vendor/codeigniter4/framework/system/View/View.php(228): CodeIgniter\Exceptions\FrameworkException::forInvalidFile()
#1 /home/diracspace/Documents/git/CodeIgniter-CRUD-lab/vendor/codeigniter4/framework/system/Common.php(1119): CodeIgniter\View\View->render()
#2 /home/diracspace/Documents/git/CodeIgniter-CRUD-lab/app/Controllers/Operations.php(14): view()
#3 /home/diracspace/Documents/git/CodeIgniter-CRUD-lab/vendor/codeigniter4/framework/system/CodeIgniter.php(918): App\Controllers\Operations->operacionescrud()
#4 /home/diracspace/Documents/git/CodeIgniter-CRUD-lab/vendor/codeigniter4/framework/system/CodeIgniter.php(404): CodeIgniter\CodeIgniter->runController()
#5 /home/diracspace/Documents/git/CodeIgniter-CRUD-lab/vendor/codeigniter4/framework/system/CodeIgniter.php(312): CodeIgniter\CodeIgniter->handleRequest()
#6 /home/diracspace/Documents/git/CodeIgniter-CRUD-lab/public/index.php(45): CodeIgniter\CodeIgniter->run()
#7 /home/diracspace/Documents/git/CodeIgniter-CRUD-lab/vendor/codeigniter4/framework/system/Commands/Server/rewrite.php(34): require_once('/home/diracspac...')
#8 {main}
