CRITICAL - 2021-01-17 19:08:33 --> Unable to connect to the database.
#0 /home/diracspace/Documents/git/CodeIgniter-CRUD-lab/vendor/codeigniter4/framework/system/Database/BaseConnection.php(646): CodeIgniter\Database\BaseConnection->initialize()
#1 /home/diracspace/Documents/git/CodeIgniter-CRUD-lab/vendor/codeigniter4/framework/system/Database/BaseBuilder.php(1860): CodeIgniter\Database\BaseConnection->query()
#2 /home/diracspace/Documents/git/CodeIgniter-CRUD-lab/vendor/codeigniter4/framework/system/Model.php(462): CodeIgniter\Database\BaseBuilder->get()
#3 /home/diracspace/Documents/git/CodeIgniter-CRUD-lab/app/Controllers/Operations.php(13): CodeIgniter\Model->findAll()
#4 /home/diracspace/Documents/git/CodeIgniter-CRUD-lab/vendor/codeigniter4/framework/system/CodeIgniter.php(918): App\Controllers\Operations->index()
#5 /home/diracspace/Documents/git/CodeIgniter-CRUD-lab/vendor/codeigniter4/framework/system/CodeIgniter.php(404): CodeIgniter\CodeIgniter->runController()
#6 /home/diracspace/Documents/git/CodeIgniter-CRUD-lab/vendor/codeigniter4/framework/system/CodeIgniter.php(312): CodeIgniter\CodeIgniter->handleRequest()
#7 /home/diracspace/Documents/git/CodeIgniter-CRUD-lab/public/index.php(45): CodeIgniter\CodeIgniter->run()
#8 /home/diracspace/Documents/git/CodeIgniter-CRUD-lab/vendor/codeigniter4/framework/system/Commands/Server/rewrite.php(34): require_once('/home/diracspac...')
#9 {main}
CRITICAL - 2021-01-17 19:13:39 --> Argument 2 passed to view() must be of the type array, string given, called in /home/diracspace/Documents/git/CodeIgniter-CRUD-lab/app/Controllers/Operations.php on line 15
#0 /home/diracspace/Documents/git/CodeIgniter-CRUD-lab/app/Controllers/Operations.php(15): view()
#1 /home/diracspace/Documents/git/CodeIgniter-CRUD-lab/vendor/codeigniter4/framework/system/CodeIgniter.php(918): App\Controllers\Operations->index()
#2 /home/diracspace/Documents/git/CodeIgniter-CRUD-lab/vendor/codeigniter4/framework/system/CodeIgniter.php(404): CodeIgniter\CodeIgniter->runController()
#3 /home/diracspace/Documents/git/CodeIgniter-CRUD-lab/vendor/codeigniter4/framework/system/CodeIgniter.php(312): CodeIgniter\CodeIgniter->handleRequest()
#4 /home/diracspace/Documents/git/CodeIgniter-CRUD-lab/public/index.php(45): CodeIgniter\CodeIgniter->run()
#5 /home/diracspace/Documents/git/CodeIgniter-CRUD-lab/vendor/codeigniter4/framework/system/Commands/Server/rewrite.php(34): require_once('/home/diracspac...')
#6 {main}
CRITICAL - 2021-01-17 19:13:45 --> Argument 2 passed to view() must be of the type array, string given, called in /home/diracspace/Documents/git/CodeIgniter-CRUD-lab/app/Controllers/Operations.php on line 15
#0 /home/diracspace/Documents/git/CodeIgniter-CRUD-lab/app/Controllers/Operations.php(15): view()
#1 /home/diracspace/Documents/git/CodeIgniter-CRUD-lab/vendor/codeigniter4/framework/system/CodeIgniter.php(918): App\Controllers\Operations->index()
#2 /home/diracspace/Documents/git/CodeIgniter-CRUD-lab/vendor/codeigniter4/framework/system/CodeIgniter.php(404): CodeIgniter\CodeIgniter->runController()
#3 /home/diracspace/Documents/git/CodeIgniter-CRUD-lab/vendor/codeigniter4/framework/system/CodeIgniter.php(312): CodeIgniter\CodeIgniter->handleRequest()
#4 /home/diracspace/Documents/git/CodeIgniter-CRUD-lab/public/index.php(45): CodeIgniter\CodeIgniter->run()
#5 /home/diracspace/Documents/git/CodeIgniter-CRUD-lab/vendor/codeigniter4/framework/system/Commands/Server/rewrite.php(34): require_once('/home/diracspac...')
#6 {main}
CRITICAL - 2021-01-17 19:17:34 --> Invalid file: /register.php
#0 /home/diracspace/Documents/git/CodeIgniter-CRUD-lab/vendor/codeigniter4/framework/system/View/View.php(228): CodeIgniter\Exceptions\FrameworkException::forInvalidFile()
#1 /home/diracspace/Documents/git/CodeIgniter-CRUD-lab/vendor/codeigniter4/framework/system/Common.php(1119): CodeIgniter\View\View->render()
#2 /home/diracspace/Documents/git/CodeIgniter-CRUD-lab/app/Controllers/Operations.php(21): view()
#3 /home/diracspace/Documents/git/CodeIgniter-CRUD-lab/vendor/codeigniter4/framework/system/CodeIgniter.php(918): App\Controllers\Operations->register()
#4 /home/diracspace/Documents/git/CodeIgniter-CRUD-lab/vendor/codeigniter4/framework/system/CodeIgniter.php(404): CodeIgniter\CodeIgniter->runController()
#5 /home/diracspace/Documents/git/CodeIgniter-CRUD-lab/vendor/codeigniter4/framework/system/CodeIgniter.php(312): CodeIgniter\CodeIgniter->handleRequest()
#6 /home/diracspace/Documents/git/CodeIgniter-CRUD-lab/public/index.php(45): CodeIgniter\CodeIgniter->run()
#7 /home/diracspace/Documents/git/CodeIgniter-CRUD-lab/vendor/codeigniter4/framework/system/Commands/Server/rewrite.php(34): require_once('/home/diracspac...')
#8 {main}
CRITICAL - 2021-01-17 20:27:48 --> Argument 2 passed to view() must be of the type array, string given, called in /home/diracspace/Documents/git/CodeIgniter-CRUD-lab/app/Controllers/Operations.php on line 15
#0 /home/diracspace/Documents/git/CodeIgniter-CRUD-lab/app/Controllers/Operations.php(15): view()
#1 /home/diracspace/Documents/git/CodeIgniter-CRUD-lab/vendor/codeigniter4/framework/system/CodeIgniter.php(918): App\Controllers\Operations->index()
#2 /home/diracspace/Documents/git/CodeIgniter-CRUD-lab/vendor/codeigniter4/framework/system/CodeIgniter.php(404): CodeIgniter\CodeIgniter->runController()
#3 /home/diracspace/Documents/git/CodeIgniter-CRUD-lab/vendor/codeigniter4/framework/system/CodeIgniter.php(312): CodeIgniter\CodeIgniter->handleRequest()
#4 /home/diracspace/Documents/git/CodeIgniter-CRUD-lab/public/index.php(45): CodeIgniter\CodeIgniter->run()
#5 /home/diracspace/Documents/git/CodeIgniter-CRUD-lab/vendor/codeigniter4/framework/system/Commands/Server/rewrite.php(34): require_once('/home/diracspac...')
#6 {main}
CRITICAL - 2021-01-17 20:28:26 --> Argument 2 passed to view() must be of the type array, string given, called in /home/diracspace/Documents/git/CodeIgniter-CRUD-lab/app/Controllers/Operations.php on line 15
#0 /home/diracspace/Documents/git/CodeIgniter-CRUD-lab/app/Controllers/Operations.php(15): view()
#1 /home/diracspace/Documents/git/CodeIgniter-CRUD-lab/vendor/codeigniter4/framework/system/CodeIgniter.php(918): App\Controllers\Operations->index()
#2 /home/diracspace/Documents/git/CodeIgniter-CRUD-lab/vendor/codeigniter4/framework/system/CodeIgniter.php(404): CodeIgniter\CodeIgniter->runController()
#3 /home/diracspace/Documents/git/CodeIgniter-CRUD-lab/vendor/codeigniter4/framework/system/CodeIgniter.php(312): CodeIgniter\CodeIgniter->handleRequest()
#4 /home/diracspace/Documents/git/CodeIgniter-CRUD-lab/public/index.php(45): CodeIgniter\CodeIgniter->run()
#5 /home/diracspace/Documents/git/CodeIgniter-CRUD-lab/vendor/codeigniter4/framework/system/Commands/Server/rewrite.php(34): require_once('/home/diracspac...')
#6 {main}
CRITICAL - 2021-01-17 20:28:30 --> Argument 2 passed to view() must be of the type array, null given, called in /home/diracspace/Documents/git/CodeIgniter-CRUD-lab/app/Controllers/Operations.php on line 15
#0 /home/diracspace/Documents/git/CodeIgniter-CRUD-lab/app/Controllers/Operations.php(15): view()
#1 /home/diracspace/Documents/git/CodeIgniter-CRUD-lab/vendor/codeigniter4/framework/system/CodeIgniter.php(918): App\Controllers\Operations->index()
#2 /home/diracspace/Documents/git/CodeIgniter-CRUD-lab/vendor/codeigniter4/framework/system/CodeIgniter.php(404): CodeIgniter\CodeIgniter->runController()
#3 /home/diracspace/Documents/git/CodeIgniter-CRUD-lab/vendor/codeigniter4/framework/system/CodeIgniter.php(312): CodeIgniter\CodeIgniter->handleRequest()
#4 /home/diracspace/Documents/git/CodeIgniter-CRUD-lab/public/index.php(45): CodeIgniter\CodeIgniter->run()
#5 /home/diracspace/Documents/git/CodeIgniter-CRUD-lab/vendor/codeigniter4/framework/system/Commands/Server/rewrite.php(34): require_once('/home/diracspac...')
#6 {main}
CRITICAL - 2021-01-17 20:30:32 --> Invalid argument supplied for foreach()
#0 /home/diracspace/Documents/git/CodeIgniter-CRUD-lab/app/Views/CrudSite.php(10): CodeIgniter\Debug\Exceptions->errorHandler()
#1 /home/diracspace/Documents/git/CodeIgniter-CRUD-lab/vendor/codeigniter4/framework/system/View/View.php(246): include('/home/diracspac...')
#2 /home/diracspace/Documents/git/CodeIgniter-CRUD-lab/vendor/codeigniter4/framework/system/Common.php(1119): CodeIgniter\View\View->render()
#3 /home/diracspace/Documents/git/CodeIgniter-CRUD-lab/app/Controllers/Operations.php(15): view()
#4 /home/diracspace/Documents/git/CodeIgniter-CRUD-lab/vendor/codeigniter4/framework/system/CodeIgniter.php(918): App\Controllers\Operations->index()
#5 /home/diracspace/Documents/git/CodeIgniter-CRUD-lab/vendor/codeigniter4/framework/system/CodeIgniter.php(404): CodeIgniter\CodeIgniter->runController()
#6 /home/diracspace/Documents/git/CodeIgniter-CRUD-lab/vendor/codeigniter4/framework/system/CodeIgniter.php(312): CodeIgniter\CodeIgniter->handleRequest()
#7 /home/diracspace/Documents/git/CodeIgniter-CRUD-lab/public/index.php(45): CodeIgniter\CodeIgniter->run()
#8 /home/diracspace/Documents/git/CodeIgniter-CRUD-lab/vendor/codeigniter4/framework/system/Commands/Server/rewrite.php(34): require_once('/home/diracspac...')
#9 {main}
CRITICAL - 2021-01-17 20:30:34 --> Invalid argument supplied for foreach()
#0 /home/diracspace/Documents/git/CodeIgniter-CRUD-lab/app/Views/CrudSite.php(10): CodeIgniter\Debug\Exceptions->errorHandler()
#1 /home/diracspace/Documents/git/CodeIgniter-CRUD-lab/vendor/codeigniter4/framework/system/View/View.php(246): include('/home/diracspac...')
#2 /home/diracspace/Documents/git/CodeIgniter-CRUD-lab/vendor/codeigniter4/framework/system/Common.php(1119): CodeIgniter\View\View->render()
#3 /home/diracspace/Documents/git/CodeIgniter-CRUD-lab/app/Controllers/Operations.php(15): view()
#4 /home/diracspace/Documents/git/CodeIgniter-CRUD-lab/vendor/codeigniter4/framework/system/CodeIgniter.php(918): App\Controllers\Operations->index()
#5 /home/diracspace/Documents/git/CodeIgniter-CRUD-lab/vendor/codeigniter4/framework/system/CodeIgniter.php(404): CodeIgniter\CodeIgniter->runController()
#6 /home/diracspace/Documents/git/CodeIgniter-CRUD-lab/vendor/codeigniter4/framework/system/CodeIgniter.php(312): CodeIgniter\CodeIgniter->handleRequest()
#7 /home/diracspace/Documents/git/CodeIgniter-CRUD-lab/public/index.php(45): CodeIgniter\CodeIgniter->run()
#8 /home/diracspace/Documents/git/CodeIgniter-CRUD-lab/vendor/codeigniter4/framework/system/Commands/Server/rewrite.php(34): require_once('/home/diracspac...')
#9 {main}
CRITICAL - 2021-01-17 20:30:49 --> Invalid argument supplied for foreach()
#0 /home/diracspace/Documents/git/CodeIgniter-CRUD-lab/app/Views/CrudSite.php(10): CodeIgniter\Debug\Exceptions->errorHandler()
#1 /home/diracspace/Documents/git/CodeIgniter-CRUD-lab/vendor/codeigniter4/framework/system/View/View.php(246): include('/home/diracspac...')
#2 /home/diracspace/Documents/git/CodeIgniter-CRUD-lab/vendor/codeigniter4/framework/system/Common.php(1119): CodeIgniter\View\View->render()
#3 /home/diracspace/Documents/git/CodeIgniter-CRUD-lab/app/Controllers/Operations.php(15): view()
#4 /home/diracspace/Documents/git/CodeIgniter-CRUD-lab/vendor/codeigniter4/framework/system/CodeIgniter.php(918): App\Controllers\Operations->index()
#5 /home/diracspace/Documents/git/CodeIgniter-CRUD-lab/vendor/codeigniter4/framework/system/CodeIgniter.php(404): CodeIgniter\CodeIgniter->runController()
#6 /home/diracspace/Documents/git/CodeIgniter-CRUD-lab/vendor/codeigniter4/framework/system/CodeIgniter.php(312): CodeIgniter\CodeIgniter->handleRequest()
#7 /home/diracspace/Documents/git/CodeIgniter-CRUD-lab/public/index.php(45): CodeIgniter\CodeIgniter->run()
#8 /home/diracspace/Documents/git/CodeIgniter-CRUD-lab/vendor/codeigniter4/framework/system/Commands/Server/rewrite.php(34): require_once('/home/diracspac...')
#9 {main}
CRITICAL - 2021-01-17 20:31:11 --> Invalid argument supplied for foreach()
#0 /home/diracspace/Documents/git/CodeIgniter-CRUD-lab/app/Views/CrudSite.php(10): CodeIgniter\Debug\Exceptions->errorHandler()
#1 /home/diracspace/Documents/git/CodeIgniter-CRUD-lab/vendor/codeigniter4/framework/system/View/View.php(246): include('/home/diracspac...')
#2 /home/diracspace/Documents/git/CodeIgniter-CRUD-lab/vendor/codeigniter4/framework/system/Common.php(1119): CodeIgniter\View\View->render()
#3 /home/diracspace/Documents/git/CodeIgniter-CRUD-lab/app/Controllers/Operations.php(15): view()
#4 /home/diracspace/Documents/git/CodeIgniter-CRUD-lab/vendor/codeigniter4/framework/system/CodeIgniter.php(918): App\Controllers\Operations->index()
#5 /home/diracspace/Documents/git/CodeIgniter-CRUD-lab/vendor/codeigniter4/framework/system/CodeIgniter.php(404): CodeIgniter\CodeIgniter->runController()
#6 /home/diracspace/Documents/git/CodeIgniter-CRUD-lab/vendor/codeigniter4/framework/system/CodeIgniter.php(312): CodeIgniter\CodeIgniter->handleRequest()
#7 /home/diracspace/Documents/git/CodeIgniter-CRUD-lab/public/index.php(45): CodeIgniter\CodeIgniter->run()
#8 /home/diracspace/Documents/git/CodeIgniter-CRUD-lab/vendor/codeigniter4/framework/system/Commands/Server/rewrite.php(34): require_once('/home/diracspac...')
#9 {main}
CRITICAL - 2021-01-17 20:31:13 --> Invalid argument supplied for foreach()
#0 /home/diracspace/Documents/git/CodeIgniter-CRUD-lab/app/Views/CrudSite.php(10): CodeIgniter\Debug\Exceptions->errorHandler()
#1 /home/diracspace/Documents/git/CodeIgniter-CRUD-lab/vendor/codeigniter4/framework/system/View/View.php(246): include('/home/diracspac...')
#2 /home/diracspace/Documents/git/CodeIgniter-CRUD-lab/vendor/codeigniter4/framework/system/Common.php(1119): CodeIgniter\View\View->render()
#3 /home/diracspace/Documents/git/CodeIgniter-CRUD-lab/app/Controllers/Operations.php(15): view()
#4 /home/diracspace/Documents/git/CodeIgniter-CRUD-lab/vendor/codeigniter4/framework/system/CodeIgniter.php(918): App\Controllers\Operations->index()
#5 /home/diracspace/Documents/git/CodeIgniter-CRUD-lab/vendor/codeigniter4/framework/system/CodeIgniter.php(404): CodeIgniter\CodeIgniter->runController()
#6 /home/diracspace/Documents/git/CodeIgniter-CRUD-lab/vendor/codeigniter4/framework/system/CodeIgniter.php(312): CodeIgniter\CodeIgniter->handleRequest()
#7 /home/diracspace/Documents/git/CodeIgniter-CRUD-lab/public/index.php(45): CodeIgniter\CodeIgniter->run()
#8 /home/diracspace/Documents/git/CodeIgniter-CRUD-lab/vendor/codeigniter4/framework/system/Commands/Server/rewrite.php(34): require_once('/home/diracspac...')
#9 {main}
CRITICAL - 2021-01-17 20:31:20 --> Invalid argument supplied for foreach()
#0 /home/diracspace/Documents/git/CodeIgniter-CRUD-lab/app/Views/CrudSite.php(10): CodeIgniter\Debug\Exceptions->errorHandler()
#1 /home/diracspace/Documents/git/CodeIgniter-CRUD-lab/vendor/codeigniter4/framework/system/View/View.php(246): include('/home/diracspac...')
#2 /home/diracspace/Documents/git/CodeIgniter-CRUD-lab/vendor/codeigniter4/framework/system/Common.php(1119): CodeIgniter\View\View->render()
#3 /home/diracspace/Documents/git/CodeIgniter-CRUD-lab/app/Controllers/Operations.php(15): view()
#4 /home/diracspace/Documents/git/CodeIgniter-CRUD-lab/vendor/codeigniter4/framework/system/CodeIgniter.php(918): App\Controllers\Operations->index()
#5 /home/diracspace/Documents/git/CodeIgniter-CRUD-lab/vendor/codeigniter4/framework/system/CodeIgniter.php(404): CodeIgniter\CodeIgniter->runController()
#6 /home/diracspace/Documents/git/CodeIgniter-CRUD-lab/vendor/codeigniter4/framework/system/CodeIgniter.php(312): CodeIgniter\CodeIgniter->handleRequest()
#7 /home/diracspace/Documents/git/CodeIgniter-CRUD-lab/public/index.php(45): CodeIgniter\CodeIgniter->run()
#8 /home/diracspace/Documents/git/CodeIgniter-CRUD-lab/vendor/codeigniter4/framework/system/Commands/Server/rewrite.php(34): require_once('/home/diracspac...')
#9 {main}
CRITICAL - 2021-01-17 20:31:58 --> Invalid argument supplied for foreach()
#0 /home/diracspace/Documents/git/CodeIgniter-CRUD-lab/app/Views/CrudSite.php(11): CodeIgniter\Debug\Exceptions->errorHandler()
#1 /home/diracspace/Documents/git/CodeIgniter-CRUD-lab/vendor/codeigniter4/framework/system/View/View.php(246): include('/home/diracspac...')
#2 /home/diracspace/Documents/git/CodeIgniter-CRUD-lab/vendor/codeigniter4/framework/system/Common.php(1119): CodeIgniter\View\View->render()
#3 /home/diracspace/Documents/git/CodeIgniter-CRUD-lab/app/Controllers/Operations.php(15): view()
#4 /home/diracspace/Documents/git/CodeIgniter-CRUD-lab/vendor/codeigniter4/framework/system/CodeIgniter.php(918): App\Controllers\Operations->index()
#5 /home/diracspace/Documents/git/CodeIgniter-CRUD-lab/vendor/codeigniter4/framework/system/CodeIgniter.php(404): CodeIgniter\CodeIgniter->runController()
#6 /home/diracspace/Documents/git/CodeIgniter-CRUD-lab/vendor/codeigniter4/framework/system/CodeIgniter.php(312): CodeIgniter\CodeIgniter->handleRequest()
#7 /home/diracspace/Documents/git/CodeIgniter-CRUD-lab/public/index.php(45): CodeIgniter\CodeIgniter->run()
#8 /home/diracspace/Documents/git/CodeIgniter-CRUD-lab/vendor/codeigniter4/framework/system/Commands/Server/rewrite.php(34): require_once('/home/diracspac...')
#9 {main}
CRITICAL - 2021-01-17 20:31:59 --> Invalid argument supplied for foreach()
#0 /home/diracspace/Documents/git/CodeIgniter-CRUD-lab/app/Views/CrudSite.php(11): CodeIgniter\Debug\Exceptions->errorHandler()
#1 /home/diracspace/Documents/git/CodeIgniter-CRUD-lab/vendor/codeigniter4/framework/system/View/View.php(246): include('/home/diracspac...')
#2 /home/diracspace/Documents/git/CodeIgniter-CRUD-lab/vendor/codeigniter4/framework/system/Common.php(1119): CodeIgniter\View\View->render()
#3 /home/diracspace/Documents/git/CodeIgniter-CRUD-lab/app/Controllers/Operations.php(15): view()
#4 /home/diracspace/Documents/git/CodeIgniter-CRUD-lab/vendor/codeigniter4/framework/system/CodeIgniter.php(918): App\Controllers\Operations->index()
#5 /home/diracspace/Documents/git/CodeIgniter-CRUD-lab/vendor/codeigniter4/framework/system/CodeIgniter.php(404): CodeIgniter\CodeIgniter->runController()
#6 /home/diracspace/Documents/git/CodeIgniter-CRUD-lab/vendor/codeigniter4/framework/system/CodeIgniter.php(312): CodeIgniter\CodeIgniter->handleRequest()
#7 /home/diracspace/Documents/git/CodeIgniter-CRUD-lab/public/index.php(45): CodeIgniter\CodeIgniter->run()
#8 /home/diracspace/Documents/git/CodeIgniter-CRUD-lab/vendor/codeigniter4/framework/system/Commands/Server/rewrite.php(34): require_once('/home/diracspac...')
#9 {main}
CRITICAL - 2021-01-17 20:33:12 --> Call to a member function view() on null
#0 /home/diracspace/Documents/git/CodeIgniter-CRUD-lab/vendor/codeigniter4/framework/system/CodeIgniter.php(918): App\Controllers\Operations->index()
#1 /home/diracspace/Documents/git/CodeIgniter-CRUD-lab/vendor/codeigniter4/framework/system/CodeIgniter.php(404): CodeIgniter\CodeIgniter->runController()
#2 /home/diracspace/Documents/git/CodeIgniter-CRUD-lab/vendor/codeigniter4/framework/system/CodeIgniter.php(312): CodeIgniter\CodeIgniter->handleRequest()
#3 /home/diracspace/Documents/git/CodeIgniter-CRUD-lab/public/index.php(45): CodeIgniter\CodeIgniter->run()
#4 /home/diracspace/Documents/git/CodeIgniter-CRUD-lab/vendor/codeigniter4/framework/system/Commands/Server/rewrite.php(34): require_once('/home/diracspac...')
#5 {main}
CRITICAL - 2021-01-17 20:33:32 --> Call to a member function view() on null
#0 /home/diracspace/Documents/git/CodeIgniter-CRUD-lab/vendor/codeigniter4/framework/system/CodeIgniter.php(918): App\Controllers\Operations->index()
#1 /home/diracspace/Documents/git/CodeIgniter-CRUD-lab/vendor/codeigniter4/framework/system/CodeIgniter.php(404): CodeIgniter\CodeIgniter->runController()
#2 /home/diracspace/Documents/git/CodeIgniter-CRUD-lab/vendor/codeigniter4/framework/system/CodeIgniter.php(312): CodeIgniter\CodeIgniter->handleRequest()
#3 /home/diracspace/Documents/git/CodeIgniter-CRUD-lab/public/index.php(45): CodeIgniter\CodeIgniter->run()
#4 /home/diracspace/Documents/git/CodeIgniter-CRUD-lab/vendor/codeigniter4/framework/system/Commands/Server/rewrite.php(34): require_once('/home/diracspac...')
#5 {main}
CRITICAL - 2021-01-17 20:33:32 --> Call to a member function view() on null
#0 /home/diracspace/Documents/git/CodeIgniter-CRUD-lab/vendor/codeigniter4/framework/system/CodeIgniter.php(918): App\Controllers\Operations->index()
#1 /home/diracspace/Documents/git/CodeIgniter-CRUD-lab/vendor/codeigniter4/framework/system/CodeIgniter.php(404): CodeIgniter\CodeIgniter->runController()
#2 /home/diracspace/Documents/git/CodeIgniter-CRUD-lab/vendor/codeigniter4/framework/system/CodeIgniter.php(312): CodeIgniter\CodeIgniter->handleRequest()
#3 /home/diracspace/Documents/git/CodeIgniter-CRUD-lab/public/index.php(45): CodeIgniter\CodeIgniter->run()
#4 /home/diracspace/Documents/git/CodeIgniter-CRUD-lab/vendor/codeigniter4/framework/system/Commands/Server/rewrite.php(34): require_once('/home/diracspac...')
#5 {main}
CRITICAL - 2021-01-17 20:33:34 --> Call to a member function view() on null
#0 /home/diracspace/Documents/git/CodeIgniter-CRUD-lab/vendor/codeigniter4/framework/system/CodeIgniter.php(918): App\Controllers\Operations->index()
#1 /home/diracspace/Documents/git/CodeIgniter-CRUD-lab/vendor/codeigniter4/framework/system/CodeIgniter.php(404): CodeIgniter\CodeIgniter->runController()
#2 /home/diracspace/Documents/git/CodeIgniter-CRUD-lab/vendor/codeigniter4/framework/system/CodeIgniter.php(312): CodeIgniter\CodeIgniter->handleRequest()
#3 /home/diracspace/Documents/git/CodeIgniter-CRUD-lab/public/index.php(45): CodeIgniter\CodeIgniter->run()
#4 /home/diracspace/Documents/git/CodeIgniter-CRUD-lab/vendor/codeigniter4/framework/system/Commands/Server/rewrite.php(34): require_once('/home/diracspac...')
#5 {main}
CRITICAL - 2021-01-17 20:34:24 --> Invalid argument supplied for foreach()
#0 /home/diracspace/Documents/git/CodeIgniter-CRUD-lab/app/Views/CrudSite.php(11): CodeIgniter\Debug\Exceptions->errorHandler()
#1 /home/diracspace/Documents/git/CodeIgniter-CRUD-lab/vendor/codeigniter4/framework/system/View/View.php(246): include('/home/diracspac...')
#2 /home/diracspace/Documents/git/CodeIgniter-CRUD-lab/vendor/codeigniter4/framework/system/Common.php(1119): CodeIgniter\View\View->render()
#3 /home/diracspace/Documents/git/CodeIgniter-CRUD-lab/app/Controllers/Operations.php(16): view()
#4 /home/diracspace/Documents/git/CodeIgniter-CRUD-lab/vendor/codeigniter4/framework/system/CodeIgniter.php(918): App\Controllers\Operations->index()
#5 /home/diracspace/Documents/git/CodeIgniter-CRUD-lab/vendor/codeigniter4/framework/system/CodeIgniter.php(404): CodeIgniter\CodeIgniter->runController()
#6 /home/diracspace/Documents/git/CodeIgniter-CRUD-lab/vendor/codeigniter4/framework/system/CodeIgniter.php(312): CodeIgniter\CodeIgniter->handleRequest()
#7 /home/diracspace/Documents/git/CodeIgniter-CRUD-lab/public/index.php(45): CodeIgniter\CodeIgniter->run()
#8 /home/diracspace/Documents/git/CodeIgniter-CRUD-lab/vendor/codeigniter4/framework/system/Commands/Server/rewrite.php(34): require_once('/home/diracspac...')
#9 {main}
CRITICAL - 2021-01-17 22:08:19 --> Cannot call constructor
#0 /home/diracspace/Documents/git/CodeIgniter-CRUD-lab/vendor/codeigniter4/framework/system/CodeIgniter.php(890): App\Controllers\Operations->__construct()
#1 /home/diracspace/Documents/git/CodeIgniter-CRUD-lab/vendor/codeigniter4/framework/system/CodeIgniter.php(399): CodeIgniter\CodeIgniter->createController()
#2 /home/diracspace/Documents/git/CodeIgniter-CRUD-lab/vendor/codeigniter4/framework/system/CodeIgniter.php(312): CodeIgniter\CodeIgniter->handleRequest()
#3 /home/diracspace/Documents/git/CodeIgniter-CRUD-lab/public/index.php(45): CodeIgniter\CodeIgniter->run()
#4 /home/diracspace/Documents/git/CodeIgniter-CRUD-lab/vendor/codeigniter4/framework/system/Commands/Server/rewrite.php(34): require_once('/home/diracspac...')
#5 {main}
CRITICAL - 2021-01-17 22:08:20 --> Cannot call constructor
#0 /home/diracspace/Documents/git/CodeIgniter-CRUD-lab/vendor/codeigniter4/framework/system/CodeIgniter.php(890): App\Controllers\Operations->__construct()
#1 /home/diracspace/Documents/git/CodeIgniter-CRUD-lab/vendor/codeigniter4/framework/system/CodeIgniter.php(399): CodeIgniter\CodeIgniter->createController()
#2 /home/diracspace/Documents/git/CodeIgniter-CRUD-lab/vendor/codeigniter4/framework/system/CodeIgniter.php(312): CodeIgniter\CodeIgniter->handleRequest()
#3 /home/diracspace/Documents/git/CodeIgniter-CRUD-lab/public/index.php(45): CodeIgniter\CodeIgniter->run()
#4 /home/diracspace/Documents/git/CodeIgniter-CRUD-lab/vendor/codeigniter4/framework/system/Commands/Server/rewrite.php(34): require_once('/home/diracspac...')
#5 {main}
